<?xml version="1.0" encoding="UTF-8"?>
<!-- Generated by org.testng.reporters.JUnitReportReporter -->
<testsuite hostname="DESKTOP-L24NCKJ" failures="0" tests="3" name="com.runner.files.ParallelRunner" time="25.638" errors="0" timestamp="2023-09-21T05:30:35 IST" skipped="0">
  <testcase classname="com.runner.files.ParallelRunner" name="runScenario" time="8.576"/>
  <system-out/>
  <testcase classname="com.runner.files.ParallelRunner" name="runScenario" time="10.132"/>
  <system-out/>
  <testcase classname="com.runner.files.ParallelRunner" name="runScenario" time="6.930"/>
  <system-out/>
</testsuite> <!-- com.runner.files.ParallelRunner -->
